Using pre-set license
Built from '2020.3/staging' branch; Version is '2020.3.0f1 (c7b5465681fb) revision 13088070'; Using compiler version '192528614'; Build Type 'Release'
OS: 'Windows 10 Pro; OS build 19041.1052; Version 2004; 64bit' Language: 'en' Physical Memory: 7887 MB
BatchMode: 1, IsHumanControllingUs: 0, StartBugReporterOnCrash: 0, Is64bit: 1, IsPro: 0

 COMMAND LINE ARGUMENTS:
C:\Program Files\Unity\Hub\Editor\2020.3.0f1\Editor\Unity.exe
-adb2
-batchMode
-noUpm
-name
AssetImportWorker0
-projectPath
C:/Users/gregc/Documents/UnityProjects/Happy_Birthday_Alyssa/ABirthdayGame
-logFile
Logs/AssetImportWorker0.log
-srvPort
59649
Successfully changed project path to: C:/Users/gregc/Documents/UnityProjects/Happy_Birthday_Alyssa/ABirthdayGame
C:/Users/gregc/Documents/UnityProjects/Happy_Birthday_Alyssa/ABirthdayGame
Using Asset Import Pipeline V2.
Refreshing native plugins compatible for Editor in 60.29 ms, found 1 plugins.
Preloading 0 native plugins for Editor in 0.00 ms.
Initialize engine version: 2020.3.0f1 (c7b5465681fb)
[Subsystems] Discovering subsystems at path C:/Program Files/Unity/Hub/Editor/2020.3.0f1/Editor/Data/Resources/UnitySubsystems
[Subsystems] Discovering subsystems at path C:/Users/gregc/Documents/UnityProjects/Happy_Birthday_Alyssa/ABirthdayGame/Assets
GfxDevice: creating device client; threaded=0
Direct3D:
    Version:  Direct3D 11.0 [level 11.0]
    Renderer: Intel(R) HD Graphics 4000 (ID=0x166)
    Vendor:   
    VRAM:     128 MB
    Driver:   10.18.10.4358
Initialize mono
Mono path[0] = 'C:/Program Files/Unity/Hub/Editor/2020.3.0f1/Editor/Data/Managed'
Mono path[1] = 'C:/Program Files/Unity/Hub/Editor/2020.3.0f1/Editor/Data/MonoBleedingEdge/lib/mono/unityjit'
Mono config path = 'C:/Program Files/Unity/Hub/Editor/2020.3.0f1/Editor/Data/MonoBleedingEdge/etc'
Using monoOptions --debugger-agent=transport=dt_socket,embedding=1,server=y,suspend=n,address=127.0.0.1:56940
Begin MonoManager ReloadAssembly
Registering precompiled unity dll's ...
Register platform support module: C:/Program Files/Unity/Hub/Editor/2020.3.0f1/Editor/Data/PlaybackEngines/WindowsStandaloneSupport/UnityEditor.WindowsStandalone.Extensions.dll
Registered in 0.006000 seconds.
Native extension for WindowsStandalone target not found
Refreshing native plugins compatible for Editor in 59.35 ms, found 1 plugins.
Preloading 0 native plugins for Editor in 0.00 ms.
Invoked RoslynAnalysisRunner static constructor.
RoslynAnalysisRunner will not be running.
RoslynAnalysisRunner has terminated.
Mono: successfully reloaded assembly
- Completed reload, in  1.888 seconds
Platform modules already initialized, skipping
Registering precompiled user dll's ...
Registered in 0.002712 seconds.
Begin MonoManager ReloadAssembly
Native extension for WindowsStandalone target not found
Refreshing native plugins compatible for Editor in 58.19 ms, found 1 plugins.
Preloading 0 native plugins for Editor in 0.00 ms.
Invoked RoslynAnalysisRunner static constructor.
RoslynAnalysisRunner will not be running.
RoslynAnalysisRunner has terminated.
Mono: successfully reloaded assembly
- Completed reload, in  1.706 seconds
Platform modules already initialized, skipping
========================================================================
Worker process is ready to serve import requests
Launched and connected shader compiler UnityShaderCompiler.exe after 0.09 seconds
Refreshing native plugins compatible for Editor in 0.79 ms, found 1 plugins.
Preloading 0 native plugins for Editor in 0.00 ms.
Unloading 1806 Unused Serialized files (Serialized files now loaded: 0)
System memory in use before: 85.1 MB.
System memory in use after: 85.0 MB.

Unloading 24 unused Assets to reduce memory usage. Loaded Objects now: 2248.
Total: 3.332800 ms (FindLiveObjects: 0.423400 ms CreateObjectMapping: 0.185700 ms MarkObjects: 2.533300 ms  DeleteObjects: 0.188100 ms)

========================================================================
Received Import Request.
  path: Assets/Scenes/aBirthdaySpriteSheet.aseprite
  artifactKey: Guid(fd54af3fa11d72a41a8f10b377055b9f) Importer(815301076,1909f56bfc062723c751e8b465ee728b)
Start importing Assets/Scenes/aBirthdaySpriteSheet.aseprite using Guid(fd54af3fa11d72a41a8f10b377055b9f) Importer(815301076,1909f56bfc062723c751e8b465ee728b)  -> (artifact id: '1e53afe63efcf48a44cef8755cbea78a') in 0.053913 seconds
  Import took 0.060377 seconds .

========================================================================
Received Import Request.
  Time since last request: 37.603106 seconds.
  path: Assets/aBirthdaySpriteSheet.png
  artifactKey: Guid(46a33644e9409d248b998e9d6d5f4553) Importer(815301076,1909f56bfc062723c751e8b465ee728b)
Start importing Assets/aBirthdaySpriteSheet.png using Guid(46a33644e9409d248b998e9d6d5f4553) Importer(815301076,1909f56bfc062723c751e8b465ee728b)  -> (artifact id: '305ebf55524a393a0490e8ba076d1325') in 0.139568 seconds
  Import took 0.144821 seconds .

========================================================================
Received Import Request.
  Time since last request: 20.006888 seconds.
  path: Assets/aBirthdaySpriteSheet.png
  artifactKey: Guid(46a33644e9409d248b998e9d6d5f4553) Importer(815301076,1909f56bfc062723c751e8b465ee728b)
Start importing Assets/aBirthdaySpriteSheet.png using Guid(46a33644e9409d248b998e9d6d5f4553) Importer(815301076,1909f56bfc062723c751e8b465ee728b)  -> (artifact id: 'b68b266ccf1332b569d3c3b80635ef5c') in 0.017891 seconds
  Import took 0.024506 seconds .

========================================================================
Received Import Request.
  Time since last request: 153.901365 seconds.
  path: Assets/aBirthdaySpriteSheet.png
  artifactKey: Guid(46a33644e9409d248b998e9d6d5f4553) Importer(815301076,1909f56bfc062723c751e8b465ee728b)
Start importing Assets/aBirthdaySpriteSheet.png using Guid(46a33644e9409d248b998e9d6d5f4553) Importer(815301076,1909f56bfc062723c751e8b465ee728b)  -> (artifact id: 'de0a597109437ca08f8d20257cc38b83') in 0.018717 seconds
  Import took 0.025322 seconds .

========================================================================
Received Import Request.
  Time since last request: 14.028648 seconds.
  path: Assets/aBirthdaySpriteSheet.png
  artifactKey: Guid(46a33644e9409d248b998e9d6d5f4553) Importer(815301076,1909f56bfc062723c751e8b465ee728b)
Start importing Assets/aBirthdaySpriteSheet.png using Guid(46a33644e9409d248b998e9d6d5f4553) Importer(815301076,1909f56bfc062723c751e8b465ee728b)  -> (artifact id: 'edf6f8ad92676484e13391568bcc380d') in 0.089110 seconds
  Import took 0.096375 seconds .

========================================================================
Received Import Request.
  Time since last request: 19.890705 seconds.
  path: Assets/aBirthdaySpriteSheet.png
  artifactKey: Guid(46a33644e9409d248b998e9d6d5f4553) Importer(815301076,1909f56bfc062723c751e8b465ee728b)
Start importing Assets/aBirthdaySpriteSheet.png using Guid(46a33644e9409d248b998e9d6d5f4553) Importer(815301076,1909f56bfc062723c751e8b465ee728b)  -> (artifact id: '2008d17f0936385a759bb58400b20e09') in 0.080838 seconds
  Import took 0.088179 seconds .

========================================================================
Received Import Request.
  Time since last request: 12.086984 seconds.
  path: Assets/aBirthdaySpriteSheet.png
  artifactKey: Guid(46a33644e9409d248b998e9d6d5f4553) Importer(815301076,1909f56bfc062723c751e8b465ee728b)
Start importing Assets/aBirthdaySpriteSheet.png using Guid(46a33644e9409d248b998e9d6d5f4553) Importer(815301076,1909f56bfc062723c751e8b465ee728b)  -> (artifact id: 'ce3ec16152b8ecf3cb77a5eed1d8cb03') in 0.081585 seconds
  Import took 0.087972 seconds .

AssetImportWorkerClient::OnTransportError - code=2 error=End of file
